mode: set
github.com/yourusername/weather-api-redis/main.go:11.13,16.16 4 0
github.com/yourusername/weather-api-redis/main.go:16.16,18.3 1 0
github.com/yourusername/weather-api-redis/main.go:19.2,20.47 2 0
github.com/yourusername/weather-api-redis/internal/config/config.go:10.39,12.16 2 1
github.com/yourusername/weather-api-redis/internal/config/config.go:12.16,14.3 1 1
github.com/yourusername/weather-api-redis/internal/config/config.go:15.2,15.44 1 1
github.com/yourusername/weather-api-redis/internal/config/config.go:18.28,20.16 2 1
github.com/yourusername/weather-api-redis/internal/config/config.go:20.16,22.3 1 1
github.com/yourusername/weather-api-redis/internal/config/config.go:23.2,23.13 1 1
github.com/yourusername/weather-api-redis/internal/handler/weather_handler.go:15.42,19.2 1 1
github.com/yourusername/weather-api-redis/internal/handler/weather_handler.go:21.80,23.20 2 1
github.com/yourusername/weather-api-redis/internal/handler/weather_handler.go:23.20,26.3 2 1
github.com/yourusername/weather-api-redis/internal/handler/weather_handler.go:28.2,30.16 3 1
github.com/yourusername/weather-api-redis/internal/handler/weather_handler.go:30.16,33.3 2 1
github.com/yourusername/weather-api-redis/internal/handler/weather_handler.go:35.2,36.36 2 1
github.com/yourusername/weather-api-redis/internal/redis/redis.go:16.34,17.17 1 1
github.com/yourusername/weather-api-redis/internal/redis/redis.go:17.17,21.3 1 1
github.com/yourusername/weather-api-redis/internal/redis/redis.go:22.2,22.15 1 1
github.com/yourusername/weather-api-redis/internal/redis/redis.go:25.35,27.2 1 1
github.com/yourusername/weather-api-redis/internal/service/weather_service.go:30.50,34.2 1 1
github.com/yourusername/weather-api-redis/internal/service/weather_service.go:37.107,40.2 1 1
github.com/yourusername/weather-api-redis/internal/repository/weather_repository.go:35.47,39.2 1 1
github.com/yourusername/weather-api-redis/internal/repository/weather_repository.go:42.110,44.62 1 1
github.com/yourusername/weather-api-redis/internal/repository/weather_repository.go:44.62,46.3 1 0
github.com/yourusername/weather-api-redis/internal/repository/weather_repository.go:49.2,50.16 2 1
github.com/yourusername/weather-api-redis/internal/repository/weather_repository.go:50.16,52.3 1 1
github.com/yourusername/weather-api-redis/internal/repository/weather_repository.go:55.2,57.21 2 0
github.com/yourusername/weather-api-redis/internal/repository/weather_repository.go:61.112,65.16 3 1
github.com/yourusername/weather-api-redis/internal/repository/weather_repository.go:65.16,67.3 1 1
github.com/yourusername/weather-api-redis/internal/repository/weather_repository.go:69.2,70.62 2 0
github.com/yourusername/weather-api-redis/internal/repository/weather_repository.go:70.62,72.3 1 0
github.com/yourusername/weather-api-redis/internal/repository/weather_repository.go:74.2,75.22 2 0
github.com/yourusername/weather-api-redis/internal/repository/weather_repository.go:79.99,81.18 2 1
github.com/yourusername/weather-api-redis/internal/repository/weather_repository.go:81.18,83.3 1 1
github.com/yourusername/weather-api-redis/internal/repository/weather_repository.go:85.2,87.16 3 0
github.com/yourusername/weather-api-redis/internal/repository/weather_repository.go:87.16,89.3 1 0
github.com/yourusername/weather-api-redis/internal/repository/weather_repository.go:90.2,92.38 2 0
github.com/yourusername/weather-api-redis/internal/repository/weather_repository.go:92.38,93.45 1 0
github.com/yourusername/weather-api-redis/internal/repository/weather_repository.go:93.45,95.4 1 0
github.com/yourusername/weather-api-redis/internal/repository/weather_repository.go:96.3,96.29 1 0
github.com/yourusername/weather-api-redis/internal/repository/weather_repository.go:99.2,100.65 2 0
github.com/yourusername/weather-api-redis/internal/repository/weather_repository.go:100.65,102.3 1 0
github.com/yourusername/weather-api-redis/internal/repository/weather_repository.go:104.2,111.27 2 0
github.com/yourusername/weather-api-redis/internal/repository/weather_repository.go:111.27,113.3 1 0
github.com/yourusername/weather-api-redis/internal/repository/weather_repository.go:115.2,115.21 1 0
github.com/yourusername/weather-api-redis/internal/repository/weather_repository.go:119.112,122.49 2 1
github.com/yourusername/weather-api-redis/internal/repository/weather_repository.go:122.49,124.3 1 1
